<?xml version="1.0" encoding="UTF-8"?>
<!-- Generated by org.testng.reporters.JUnitXMLReporter -->
<testsuite ignored="0" hostname="DESKTOP-TTC630B" failures="0" tests="9" name="CreateAcctTest" time="20.105" errors="0" timestamp="2023-12-11T11:30:25 CST">
  <testcase classname="testCases.LoginTestAutoPage" name="homePageShouldBeLoaded" time="0.041"/>
  <testcase classname="testCases.LoginTestAutoPage" name="signupFormShouldBeFilledOut" time="4.575"/>
  <testcase classname="testCases.LoginTestAutoPage" name="signupBtnShouldBeClicked" time="0.479"/>
  <testcase classname="testCases.LoginTestAutoPage" name="radioButtonShouldBeClicked" time="0.034"/>
  <testcase classname="testCases.LoginTestAutoPage" name="signUpShouldBeFilledOut" time="5.033"/>
  <testcase classname="testCases.LoginTestAutoPage" name="signUpShouldBeSubmitted" time="0.879"/>
  <testcase classname="testCases.LoginTestAutoPage" name="accountShouldBeCreated" time="0.015"/>
  <testcase classname="testCases.LoginTestAutoPage" name="continueBtnShouldBeClicked" time="1.306"/>
  <testcase classname="testCases.LoginTestAutoPage" name="accountShouldBeDeleted" time="3.824"/>
</testsuite> <!-- CreateAcctTest -->
