<?xml version="1.0" encoding="UTF-8"?>
<!-- Generated by org.testng.reporters.JUnitXMLReporter -->
<testsuite ignored="0" hostname="DESKTOP-TTC630B" failures="0" tests="9" name="EdgeTests" time="0.684" errors="0" timestamp="2023-12-18T17:13:01 CST">
  <testcase classname="testCases.LoginTestAutoPage" name="homePageShouldBeLoaded" time="0.0">
    <skipped/>
  </testcase> <!-- homePageShouldBeLoaded -->
  <testcase classname="testCases.LoginTestAutoPage" name="signupFormShouldBeFilledOut" time="0.0">
    <skipped/>
  </testcase> <!-- signupFormShouldBeFilledOut -->
  <testcase classname="testCases.LoginTestAutoPage" name="signupBtnShouldBeClicked" time="0.0">
    <skipped/>
  </testcase> <!-- signupBtnShouldBeClicked -->
  <testcase classname="testCases.LoginTestAutoPage" name="radioButtonShouldBeClicked" time="0.0">
    <skipped/>
  </testcase> <!-- radioButtonShouldBeClicked -->
  <testcase classname="testCases.LoginTestAutoPage" name="signUpShouldBeFilledOut" time="0.0">
    <skipped/>
  </testcase> <!-- signUpShouldBeFilledOut -->
  <testcase classname="testCases.LoginTestAutoPage" name="signUpShouldBeSubmitted" time="0.0">
    <skipped/>
  </testcase> <!-- signUpShouldBeSubmitted -->
  <testcase classname="testCases.LoginTestAutoPage" name="accountShouldBeCreated" time="0.0">
    <skipped/>
  </testcase> <!-- accountShouldBeCreated -->
  <testcase classname="testCases.LoginTestAutoPage" name="continueBtnShouldBeClicked" time="0.0">
    <skipped/>
  </testcase> <!-- continueBtnShouldBeClicked -->
  <testcase classname="testCases.LoginTestAutoPage" name="accountShouldBeDeleted" time="0.0">
    <skipped/>
  </testcase> <!-- accountShouldBeDeleted -->
</testsuite> <!-- EdgeTests -->
