<?xml version="1.0" encoding="UTF-8"?>
<!-- Generated by org.testng.reporters.JUnitXMLReporter -->
<testsuite ignored="0" hostname="DESKTOP-TTC630B" failures="0" tests="4" name="FireFox" time="14.597" errors="0" timestamp="2023-12-18T17:30:04 CST">
  <testcase classname="testCases.LoginTestAutoPage" name="homePageShouldBeLoaded" time="0.028"/>
  <testcase classname="testCases.LoginTestAutoPage" name="signupFormShouldBeFilledOut" time="4.597"/>
  <testcase classname="testCases.LoginTestAutoPage" name="signupBtnShouldBeClicked" time="0.745"/>
  <testcase classname="testCases.LoginTestAutoPage" name="radioButtonShouldBeClicked" time="0.241"/>
</testsuite> <!-- FireFox -->
