<?xml version="1.0" encoding="UTF-8"?>
<testng-results ignored="0" total="9" passed="9" failed="0" skipped="0">
  <reporter-output>
  </reporter-output>
  <suite started-at="2023-12-18T17:29:49 CST" name="CreateAcctSuite" finished-at="2023-12-18T17:30:10 CST" duration-ms="20473">
    <groups>
    </groups>
    <test started-at="2023-12-18T17:29:49 CST" name="ChromeTests" finished-at="2023-12-18T17:30:10 CST" duration-ms="20473">
      <class name="testCases.LoginTestAutoPage">
        <test-method is-config="true" signature="setup(java.lang.String)[pri:0, instance:testCases.LoginTestAutoPage@6c284af]" started-at="2023-12-18T17:29:49 CST" name="setup" finished-at="2023-12-18T17:29:53 CST" duration-ms="3104" status="PASS">
          <params>
            <param index="0">
              <value>
                <![CDATA[chrome]]>
              </value>
            </param>
          </params>
          <reporter-output>
          </reporter-output>
        </test-method> <!-- setup -->
        <test-method signature="homePageShouldBeLoaded()[pri:1, instance:testCases.LoginTestAutoPage@6c284af]" started-at="2023-12-18T17:29:53 CST" name="homePageShouldBeLoaded" finished-at="2023-12-18T17:29:53 CST" duration-ms="43" status="PASS">
          <reporter-output>
          </reporter-output>
        </test-method> <!-- homePageShouldBeLoaded -->
        <test-method signature="signupFormShouldBeFilledOut()[pri:2, instance:testCases.LoginTestAutoPage@6c284af]" started-at="2023-12-18T17:29:53 CST" name="signupFormShouldBeFilledOut" finished-at="2023-12-18T17:29:57 CST" depends-on-methods="testCases.LoginTestAutoPage.homePageShouldBeLoaded" duration-ms="4680" status="PASS">
          <reporter-output>
          </reporter-output>
        </test-method> <!-- signupFormShouldBeFilledOut -->
        <test-method signature="signupBtnShouldBeClicked()[pri:3, instance:testCases.LoginTestAutoPage@6c284af]" started-at="2023-12-18T17:29:57 CST" name="signupBtnShouldBeClicked" finished-at="2023-12-18T17:29:58 CST" duration-ms="986" status="PASS">
          <reporter-output>
          </reporter-output>
        </test-method> <!-- signupBtnShouldBeClicked -->
        <test-method signature="radioButtonShouldBeClicked()[pri:4, instance:testCases.LoginTestAutoPage@6c284af]" started-at="2023-12-18T17:29:58 CST" name="radioButtonShouldBeClicked" finished-at="2023-12-18T17:29:58 CST" duration-ms="33" status="PASS">
          <reporter-output>
          </reporter-output>
        </test-method> <!-- radioButtonShouldBeClicked -->
        <test-method signature="signUpShouldBeFilledOut()[pri:5, instance:testCases.LoginTestAutoPage@6c284af]" started-at="2023-12-18T17:29:58 CST" name="signUpShouldBeFilledOut" finished-at="2023-12-18T17:30:03 CST" duration-ms="5117" status="PASS">
          <reporter-output>
          </reporter-output>
        </test-method> <!-- signUpShouldBeFilledOut -->
        <test-method signature="signUpShouldBeSubmitted()[pri:6, instance:testCases.LoginTestAutoPage@6c284af]" started-at="2023-12-18T17:30:03 CST" name="signUpShouldBeSubmitted" finished-at="2023-12-18T17:30:04 CST" duration-ms="1044" status="PASS">
          <reporter-output>
          </reporter-output>
        </test-method> <!-- signUpShouldBeSubmitted -->
        <test-method signature="accountShouldBeCreated()[pri:7, instance:testCases.LoginTestAutoPage@6c284af]" started-at="2023-12-18T17:30:04 CST" name="accountShouldBeCreated" finished-at="2023-12-18T17:30:04 CST" duration-ms="19" status="PASS">
          <reporter-output>
          </reporter-output>
        </test-method> <!-- accountShouldBeCreated -->
        <test-method signature="continueBtnShouldBeClicked()[pri:8, instance:testCases.LoginTestAutoPage@6c284af]" started-at="2023-12-18T17:30:04 CST" name="continueBtnShouldBeClicked" finished-at="2023-12-18T17:30:06 CST" duration-ms="1341" status="PASS">
          <reporter-output>
          </reporter-output>
        </test-method> <!-- continueBtnShouldBeClicked -->
        <test-method signature="accountShouldBeDeleted()[pri:9, instance:testCases.LoginTestAutoPage@6c284af]" started-at="2023-12-18T17:30:06 CST" name="accountShouldBeDeleted" finished-at="2023-12-18T17:30:09 CST" duration-ms="3668" status="PASS">
          <reporter-output>
          </reporter-output>
        </test-method> <!-- accountShouldBeDeleted -->
        <test-method is-config="true" signature="tearDown()[pri:0, instance:testCases.LoginTestAutoPage@6c284af]" started-at="2023-12-18T17:30:09 CST" name="tearDown" finished-at="2023-12-18T17:30:10 CST" duration-ms="188" status="PASS">
          <reporter-output>
          </reporter-output>
        </test-method> <!-- tearDown -->
      </class> <!-- testCases.LoginTestAutoPage -->
    </test> <!-- ChromeTests -->
  </suite> <!-- CreateAcctSuite -->
</testng-results>
