<?xml version="1.0" encoding="UTF-8"?>
<testng-results ignored="0" total="7" passed="7" failed="0" skipped="0">
  <reporter-output>
  </reporter-output>
  <suite started-at="2023-12-18T22:12:55 CST" name="CreateAcctSuite" finished-at="2023-12-18T22:13:25 CST" duration-ms="29640">
    <groups>
    </groups>
    <test started-at="2023-12-18T22:12:55 CST" name="ChromeTests" finished-at="2023-12-18T22:13:24 CST" duration-ms="29409">
      <class name="testCases.PlaceOrderE2E">
        <test-method is-config="true" signature="setup(java.lang.String)[pri:0, instance:testCases.PlaceOrderE2E@31ea9581]" started-at="2023-12-18T22:12:55 CST" name="setup" finished-at="2023-12-18T22:12:59 CST" duration-ms="3655" status="PASS">
          <params>
            <param index="0">
              <value>
                <![CDATA[chrome]]>
              </value>
            </param>
          </params>
          <reporter-output>
          </reporter-output>
        </test-method> <!-- setup -->
        <test-method signature="homeShouldBeLoaded()[pri:1, instance:testCases.PlaceOrderE2E@31ea9581]" started-at="2023-12-18T22:12:59 CST" name="homeShouldBeLoaded" finished-at="2023-12-18T22:12:59 CST" duration-ms="169" status="PASS">
          <reporter-output>
          </reporter-output>
        </test-method> <!-- homeShouldBeLoaded -->
        <test-method signature="loginBtnShouldBeClicked()[pri:2, instance:testCases.PlaceOrderE2E@31ea9581]" started-at="2023-12-18T22:12:59 CST" name="loginBtnShouldBeClicked" finished-at="2023-12-18T22:13:00 CST" duration-ms="622" status="PASS">
          <reporter-output>
          </reporter-output>
        </test-method> <!-- loginBtnShouldBeClicked -->
        <test-method signature="loginShouldBeSuccessful()[pri:3, instance:testCases.PlaceOrderE2E@31ea9581]" started-at="2023-12-18T22:13:00 CST" name="loginShouldBeSuccessful" finished-at="2023-12-18T22:13:05 CST" duration-ms="4940" status="PASS">
          <reporter-output>
          </reporter-output>
        </test-method> <!-- loginShouldBeSuccessful -->
        <test-method signature="addProductToCart()[pri:4, instance:testCases.PlaceOrderE2E@31ea9581]" started-at="2023-12-18T22:13:05 CST" name="addProductToCart" finished-at="2023-12-18T22:13:10 CST" duration-ms="5325" status="PASS">
          <reporter-output>
          </reporter-output>
        </test-method> <!-- addProductToCart -->
        <test-method signature="proceedToCheckout()[pri:5, instance:testCases.PlaceOrderE2E@31ea9581]" started-at="2023-12-18T22:13:10 CST" name="proceedToCheckout" finished-at="2023-12-18T22:13:19 CST" duration-ms="8923" status="PASS">
          <reporter-output>
          </reporter-output>
        </test-method> <!-- proceedToCheckout -->
        <test-method signature="payAndConfirmOrder()[pri:6, instance:testCases.PlaceOrderE2E@31ea9581]" started-at="2023-12-18T22:13:19 CST" name="payAndConfirmOrder" finished-at="2023-12-18T22:13:21 CST" duration-ms="2093" status="PASS">
          <reporter-output>
          </reporter-output>
        </test-method> <!-- payAndConfirmOrder -->
        <test-method signature="invoiceShouldBeDownload()[pri:7, instance:testCases.PlaceOrderE2E@31ea9581]" started-at="2023-12-18T22:13:21 CST" name="invoiceShouldBeDownload" finished-at="2023-12-18T22:13:24 CST" duration-ms="3184" status="PASS">
          <reporter-output>
          </reporter-output>
        </test-method> <!-- invoiceShouldBeDownload -->
        <test-method is-config="true" signature="tearDown()[pri:0, instance:testCases.PlaceOrderE2E@31ea9581]" started-at="2023-12-18T22:13:24 CST" name="tearDown" finished-at="2023-12-18T22:13:24 CST" duration-ms="246" status="PASS">
          <reporter-output>
          </reporter-output>
        </test-method> <!-- tearDown -->
      </class> <!-- testCases.PlaceOrderE2E -->
    </test> <!-- ChromeTests -->
    <test started-at="2023-12-18T22:13:25 CST" name="FireFox" finished-at="2023-12-18T22:13:25 CST" duration-ms="1">
    </test> <!-- FireFox -->
  </suite> <!-- CreateAcctSuite -->
</testng-results>
